<?xml version="1.0" encoding="UTF-8"?>
<testsuite xmlns:xsi="http://www.w3.org/2001/XMLSchema-instance" xsi:noNamespaceSchemaLocation="https://maven.apache.org/surefire/maven-surefire-plugin/xsd/surefire-test-report.xsd" name="TestEvaluator" time="0.196" tests="6" errors="0" skipped="0" failures="0">
  <properties>
[...]
</properties>
  <testcase name="test[0]" classname="TestEvaluator" time="0.026"/>
  <testcase name="test[1]" classname="TestEvaluator" time="0.018"/>
  <testcase name="test[2]" classname="TestEvaluator" time="0.03"/>
  <testcase name="test[3]" classname="TestEvaluator" time="0.006"/>
  <testcase name="test[4]" classname="TestEvaluator" time="0.005"/>
  <testcase name="test[5]" classname="TestEvaluator" time="0.003"/>
</testsuite>